<?xml version="1.0" encoding="UTF-8"?>
<testsuite xmlns:xsi="http://www.w3.org/2001/XMLSchema-instance" xsi:noNamespaceSchemaLocation="https://maven.apache.org/surefire/maven-surefire-plugin/xsd/surefire-test-report-3.0.xsd" version="3.0" name="com.example.project.CalculatorTests" time="0.26" tests="18" errors="0" skipped="1" failures="0">
  <properties>
[...]
</properties>
  <testcase name="useCodedValue" classname="com.example.project.CalculatorTests" time="0.033">
    <system-out><![CDATA[开始 @BeforeEach

结束 @AfterEach
]]></system-out>
  </testcase>
  <testcase name="useAssert" classname="com.example.project.CalculatorTests" time="0.008">
    <system-out><![CDATA[开始 @BeforeEach

结束 @AfterEach
]]></system-out>
  </testcase>
  <testcase name="useMethodSource(SimpleTriplet)[1]" classname="com.example.project.CalculatorTests" time="0.02">
    <system-out><![CDATA[开始 @BeforeEach

结束 @AfterEach
]]></system-out>
  </testcase>
  <testcase name="useMethodSource(SimpleTriplet)[2]" classname="com.example.project.CalculatorTests" time="0.001">
    <system-out><![CDATA[开始 @BeforeEach

结束 @AfterEach
]]></system-out>
  </testcase>
  <testcase name="useMethodSource(SimpleTriplet)[3]" classname="com.example.project.CalculatorTests" time="0.002">
    <system-out><![CDATA[开始 @BeforeEach

结束 @AfterEach
]]></system-out>
  </testcase>
  <testcase name="useCsvSource(int, int, int)[1]" classname="com.example.project.CalculatorTests" time="0.003">
    <system-out><![CDATA[开始 @BeforeEach

结束 @AfterEach
]]></system-out>
  </testcase>
  <testcase name="useCsvSource(int, int, int)[2]" classname="com.example.project.CalculatorTests" time="0.001">
    <system-out><![CDATA[开始 @BeforeEach

结束 @AfterEach
]]></system-out>
  </testcase>
  <testcase name="useCsvSource(int, int, int)[3]" classname="com.example.project.CalculatorTests" time="0.001">
    <system-out><![CDATA[开始 @BeforeEach

结束 @AfterEach
]]></system-out>
  </testcase>
  <testcase name="useRepeatedTest(TestInfo, RepetitionInfo)[1]" classname="com.example.project.CalculatorTests" time="0.001">
    <system-out><![CDATA[开始 @BeforeEach

useRepeatedTest -> 1
结束 @AfterEach
]]></system-out>
  </testcase>
  <testcase name="useRepeatedTest(TestInfo, RepetitionInfo)[2]" classname="com.example.project.CalculatorTests" time="0.002">
    <system-out><![CDATA[开始 @BeforeEach

useRepeatedTest -> 2
结束 @AfterEach
]]></system-out>
  </testcase>
  <testcase name="useRepeatedTest(TestInfo, RepetitionInfo)[3]" classname="com.example.project.CalculatorTests" time="0.003">
    <system-out><![CDATA[开始 @BeforeEach

useRepeatedTest -> 3
结束 @AfterEach
]]></system-out>
  </testcase>
  <testcase name="useRepeatedTest(TestInfo, RepetitionInfo)[4]" classname="com.example.project.CalculatorTests" time="0.002">
    <system-out><![CDATA[开始 @BeforeEach

useRepeatedTest -> 4
结束 @AfterEach
]]></system-out>
  </testcase>
  <testcase name="useRepeatedTest(TestInfo, RepetitionInfo)[5]" classname="com.example.project.CalculatorTests" time="0.002">
    <system-out><![CDATA[开始 @BeforeEach

useRepeatedTest -> 5
结束 @AfterEach
]]></system-out>
  </testcase>
  <testcase name="useDisabled" classname="com.example.project.CalculatorTests" time="0.0">
    <skipped message="public void com.example.project.CalculatorTests.useDisabled() is @Disabled"/>
  </testcase>
  <testcase name="useAssertJ" classname="com.example.project.CalculatorTests" time="0.068">
    <system-out><![CDATA[开始 @BeforeEach

结束 @AfterEach
]]></system-out>
  </testcase>
  <testcase name="useValueSource(int)[1]" classname="com.example.project.CalculatorTests" time="0.004">
    <system-out><![CDATA[开始 @BeforeEach

结束 @AfterEach
]]></system-out>
  </testcase>
  <testcase name="useValueSource(int)[2]" classname="com.example.project.CalculatorTests" time="0.001">
    <system-out><![CDATA[开始 @BeforeEach

结束 @AfterEach
]]></system-out>
  </testcase>
  <testcase name="useValueSource(int)[3]" classname="com.example.project.CalculatorTests" time="0.001">
    <system-out><![CDATA[开始 @BeforeEach

结束 @AfterEach
]]></system-out>
  </testcase>
</testsuite>